Determining if the pthread_create exist failed with the following output:
Change Dir: /home/eee466/CLionProjects/BattleTank0.3/cmake-build-release/CMakeFiles/CMakeTmp

Run Build Command(s):/usr/bin/make cmTC_167ec/fast 
/usr/bin/make -f CMakeFiles/cmTC_167ec.dir/build.make CMakeFiles/cmTC_167ec.dir/build
make[1]: Entering directory '/home/eee466/CLionProjects/BattleTank0.3/cmake-build-release/CMakeFiles/CMakeTmp'
Building C object CMakeFiles/cmTC_167ec.dir/CheckSymbolExists.c.o
/usr/bin/cc    -o CMakeFiles/cmTC_167ec.dir/CheckSymbolExists.c.o   -c /home/eee466/CLionProjects/BattleTank0.3/cmake-build-release/CMakeFiles/CMakeTmp/CheckSymbolExists.c
Linking C executable cmTC_167ec
/home/eee466/.local/share/JetBrains/Toolbox/apps/CLion/ch-0/191.7141.37/bin/cmake/linux/bin/cmake -E cmake_link_script CMakeFiles/cmTC_167ec.dir/link.txt --verbose=1
/usr/bin/cc      CMakeFiles/cmTC_167ec.dir/CheckSymbolExists.c.o  -o cmTC_167ec 
/usr/bin/ld: CMakeFiles/cmTC_167ec.dir/CheckSymbolExists.c.o: in function `main':
CheckSymbolExists.c:(.text+0x1b): undefined reference to `pthread_create'
collect2: error: ld returned 1 exit status
make[1]: *** [CMakeFiles/cmTC_167ec.dir/build.make:87: cmTC_167ec] Error 1
make[1]: Leaving directory '/home/eee466/CLionProjects/BattleTank0.3/cmake-build-release/CMakeFiles/CMakeTmp'
make: *** [Makefile:121: cmTC_167ec/fast] Error 2

File /home/eee466/CLionProjects/BattleTank0.3/cmake-build-release/CMakeFiles/CMakeTmp/CheckSymbolExists.c:
/* */
#include <pthread.h>

int main(int argc, char** argv)
{
  (void)argv;
#ifndef pthread_create
  return ((int*)(&pthread_create))[argc];
#else
  (void)argc;
  return 0;
#endif
}

Determining if the function pthread_create exists in the pthreads failed with the following output:
Change Dir: /home/eee466/CLionProjects/BattleTank0.3/cmake-build-release/CMakeFiles/CMakeTmp

Run Build Command(s):/usr/bin/make cmTC_988b2/fast 
/usr/bin/make -f CMakeFiles/cmTC_988b2.dir/build.make CMakeFiles/cmTC_988b2.dir/build
make[1]: Entering directory '/home/eee466/CLionProjects/BattleTank0.3/cmake-build-release/CMakeFiles/CMakeTmp'
Building C object CMakeFiles/cmTC_988b2.dir/CheckFunctionExists.c.o
/usr/bin/cc   -DCHECK_FUNCTION_EXISTS=pthread_create   -o CMakeFiles/cmTC_988b2.dir/CheckFunctionExists.c.o   -c /home/eee466/.local/share/JetBrains/Toolbox/apps/CLion/ch-0/191.7141.37/bin/cmake/linux/share/cmake-3.14/Modules/CheckFunctionExists.c
Linking C executable cmTC_988b2
/home/eee466/.local/share/JetBrains/Toolbox/apps/CLion/ch-0/191.7141.37/bin/cmake/linux/bin/cmake -E cmake_link_script CMakeFiles/cmTC_988b2.dir/link.txt --verbose=1
/usr/bin/cc  -DCHECK_FUNCTION_EXISTS=pthread_create    CMakeFiles/cmTC_988b2.dir/CheckFunctionExists.c.o  -o cmTC_988b2 -lpthreads 
/usr/bin/ld: cannot find -lpthreads
collect2: error: ld returned 1 exit status
make[1]: *** [CMakeFiles/cmTC_988b2.dir/build.make:87: cmTC_988b2] Error 1
make[1]: Leaving directory '/home/eee466/CLionProjects/BattleTank0.3/cmake-build-release/CMakeFiles/CMakeTmp'
make: *** [Makefile:121: cmTC_988b2/fast] Error 2


Performing C SOURCE FILE Test CMAKE_HAVE_LIBC_PTHREAD failed with the following output:
Change Dir: /home/eee466/CLionProjects/BattleTank0.3/cmake-build-release/CMakeFiles/CMakeTmp

Run Build Command(s):/usr/bin/make cmTC_8ceda/fast && /usr/bin/make -f CMakeFiles/cmTC_8ceda.dir/build.make CMakeFiles/cmTC_8ceda.dir/build
make[1]: Entering directory '/home/eee466/CLionProjects/BattleTank0.3/cmake-build-release/CMakeFiles/CMakeTmp'
Building C object CMakeFiles/cmTC_8ceda.dir/src.c.o
/usr/bin/cc   -DCMAKE_HAVE_LIBC_PTHREAD   -o CMakeFiles/cmTC_8ceda.dir/src.c.o   -c /home/eee466/CLionProjects/BattleTank0.3/cmake-build-release/CMakeFiles/CMakeTmp/src.c
Linking C executable cmTC_8ceda
/home/eee466/.local/share/JetBrains/Toolbox/apps/CLion/ch-0/192.6817.18/bin/cmake/linux/bin/cmake -E cmake_link_script CMakeFiles/cmTC_8ceda.dir/link.txt --verbose=1
/usr/bin/cc  -DCMAKE_HAVE_LIBC_PTHREAD    CMakeFiles/cmTC_8ceda.dir/src.c.o  -o cmTC_8ceda 
/usr/bin/ld: CMakeFiles/cmTC_8ceda.dir/src.c.o: in function `main':
src.c:(.text+0x3e): undefined reference to `pthread_create'
/usr/bin/ld: src.c:(.text+0x4a): undefined reference to `pthread_detach'
/usr/bin/ld: src.c:(.text+0x5b): undefined reference to `pthread_join'
collect2: error: ld returned 1 exit status
make[1]: *** [CMakeFiles/cmTC_8ceda.dir/build.make:87: cmTC_8ceda] Error 1
make[1]: Leaving directory '/home/eee466/CLionProjects/BattleTank0.3/cmake-build-release/CMakeFiles/CMakeTmp'
make: *** [Makefile:121: cmTC_8ceda/fast] Error 2


Source file was:
#include <pthread.h>

void* test_func(void* data)
{
  return data;
}

int main(void)
{
  pthread_t thread;
  pthread_create(&thread, NULL, test_func, NULL);
  pthread_detach(thread);
  pthread_join(thread, NULL);
  pthread_atfork(NULL, NULL, NULL);
  pthread_exit(NULL);

  return 0;
}

